<?xml version="1.0" encoding="UTF-8"?>
<testsuite xmlns:xsi="http://www.w3.org/2001/XMLSchema-instance" xsi:noNamespaceSchemaLocation="https://maven.apache.org/surefire/maven-surefire-plugin/xsd/surefire-test-report.xsd" name="demo.TestClickStartLesson" time="52.094" tests="2" errors="0" skipped="0" failures="0">
  <properties/>
  <testcase name="firstTest{String}[1]" classname="demo.TestClickStartLesson" time="26.016"/>
  <testcase name="firstTest{String}[2]" classname="demo.TestClickStartLesson" time="26.035"/>
</testsuite>